22:59:37 main ERROR main.java.com.huawei.Main.main(19) please input args: inputFilePath, resultFilePath
23:00:12 main ERROR main.java.com.huawei.Main.main(19) please input args: inputFilePath, resultFilePath
23:00:27 main ERROR main.java.com.huawei.Main.main(19) please input args: inputFilePath, resultFilePath
23:00:34 main ERROR main.java.com.huawei.Main.main(19) please input args: inputFilePath, resultFilePath
23:00:50 main ERROR main.java.com.huawei.Main.main(19) please input args: inputFilePath, resultFilePath
14:18:27 main ERROR com.huawei.Main.main(25) please input args: inputFilePath, resultFilePath
14:28:28 main ERROR com.huawei.Main.main(25) please input args: inputFilePath, resultFilePath
22:45:36 main ERROR com.huawei.Main.main(22) please input args: inputFilePath, resultFilePath
22:50:29 main INFO com.huawei.Main.main(26) Start...
22:50:29 main INFO com.huawei.Main.main(32) carPath = B:\GSM\Documents\CodeCraft-2019\src\main\java\com\huawei\car,txt roadPath = B:\GSM\Documents\CodeCraft-2019\src\main\java\com\huawei\road.txt crossPath = B:\GSM\Documents\CodeCraft-2019\src\main\java\com\huawei\cross.txt and answerPath = B:\GSM\Documents\CodeCraft-2019\src\main\java\com\huawei\answer.txt
22:50:29 main INFO com.huawei.Main.main(35) start read input files
22:50:29 main INFO com.huawei.Main.main(51) Start write output file
22:50:29 main INFO com.huawei.Main.main(53) End...
22:50:54 main INFO com.huawei.Main.main(26) Start...
22:50:54 main INFO com.huawei.Main.main(32) carPath = B:\GSM\Documents\CodeCraft-2019\src\main\java\com\huawei\car.txt roadPath = B:\GSM\Documents\CodeCraft-2019\src\main\java\com\huawei\road.txt crossPath = B:\GSM\Documents\CodeCraft-2019\src\main\java\com\huawei\cross.txt and answerPath = B:\GSM\Documents\CodeCraft-2019\src\main\java\com\huawei\answer.txt
22:50:54 main INFO com.huawei.Main.main(35) start read input files
22:52:08 main INFO com.huawei.Main.main(26) Start...
22:52:08 main INFO com.huawei.Main.main(32) carPath = B:\GSM\Documents\CodeCraft-2019\src\main\java\com\huawei\car.txt roadPath = B:\GSM\Documents\CodeCraft-2019\src\main\java\com\huawei\road.txt crossPath = B:\GSM\Documents\CodeCraft-2019\src\main\java\com\huawei\cross.txt and answerPath = B:\GSM\Documents\CodeCraft-2019\src\main\java\com\huawei\answer.txt
22:52:08 main INFO com.huawei.Main.main(35) start read input files
22:54:10 main INFO com.huawei.Main.main(26) Start...
22:54:10 main INFO com.huawei.Main.main(32) carPath = B:\GSM\Documents\CodeCraft-2019\src\main\java\com\huawei\car.txt roadPath = B:\GSM\Documents\CodeCraft-2019\src\main\java\com\huawei\road.txt crossPath = B:\GSM\Documents\CodeCraft-2019\src\main\java\com\huawei\cross.txt and answerPath = B:\GSM\Documents\CodeCraft-2019\src\main\java\com\huawei\answer.txt
22:54:10 main INFO com.huawei.Main.main(35) start read input files
22:54:27 main INFO com.huawei.Main.main(26) Start...
22:54:27 main INFO com.huawei.Main.main(32) carPath = B:\GSM\Documents\CodeCraft-2019\src\main\java\com\huawei\car.txt roadPath = B:\GSM\Documents\CodeCraft-2019\src\main\java\com\huawei\road.txt crossPath = B:\GSM\Documents\CodeCraft-2019\src\main\java\com\huawei\cross.txt and answerPath = B:\GSM\Documents\CodeCraft-2019\src\main\java\com\huawei\answer.txt
22:54:27 main INFO com.huawei.Main.main(35) start read input files
22:55:33 main INFO com.huawei.Main.main(26) Start...
22:55:33 main INFO com.huawei.Main.main(32) carPath = B:\GSM\Documents\CodeCraft-2019\src\main\java\com\huawei\car.txt roadPath = B:\GSM\Documents\CodeCraft-2019\src\main\java\com\huawei\road.txt crossPath = B:\GSM\Documents\CodeCraft-2019\src\main\java\com\huawei\cross.txt and answerPath = B:\GSM\Documents\CodeCraft-2019\src\main\java\com\huawei\answer.txt
22:55:33 main INFO com.huawei.Main.main(35) start read input files
22:56:48 main INFO com.huawei.Main.main(26) Start...
22:56:48 main INFO com.huawei.Main.main(32) carPath = B:\GSM\Documents\CodeCraft-2019\src\main\java\com\huawei\car.txt roadPath = B:\GSM\Documents\CodeCraft-2019\src\main\java\com\huawei\road.txt crossPath = B:\GSM\Documents\CodeCraft-2019\src\main\java\com\huawei\cross.txt and answerPath = B:\GSM\Documents\CodeCraft-2019\src\main\java\com\huawei\answer.txt
22:56:48 main INFO com.huawei.Main.main(35) start read input files
22:59:42 main INFO com.huawei.Main.main(26) Start...
22:59:42 main INFO com.huawei.Main.main(32) carPath = B:\GSM\Documents\CodeCraft-2019\src\main\java\com\huawei\car.txt roadPath = B:\GSM\Documents\CodeCraft-2019\src\main\java\com\huawei\road.txt crossPath = B:\GSM\Documents\CodeCraft-2019\src\main\java\com\huawei\cross.txt and answerPath = B:\GSM\Documents\CodeCraft-2019\src\main\java\com\huawei\answer.txt
22:59:42 main INFO com.huawei.Main.main(35) start read input files
22:59:45 main INFO com.huawei.Main.main(51) Start write output file
22:59:45 main INFO com.huawei.Main.main(53) End...
23:02:05 main INFO com.huawei.Main.main(26) Start...
23:02:05 main INFO com.huawei.Main.main(32) carPath = B:\GSM\Documents\CodeCraft-2019\src\main\java\com\huawei\car.txt roadPath = B:\GSM\Documents\CodeCraft-2019\src\main\java\com\huawei\road.txt crossPath = B:\GSM\Documents\CodeCraft-2019\src\main\java\com\huawei\cross.txt and answerPath = B:\GSM\Documents\CodeCraft-2019\src\main\java\com\huawei\answer.txt
23:02:05 main INFO com.huawei.Main.main(35) start read input files
23:03:26 main INFO com.huawei.Main.main(51) Start write output file
23:03:26 main INFO com.huawei.Main.main(53) End...
23:12:09 main INFO com.huawei.Main.main(26) Start...
23:12:09 main INFO com.huawei.Main.main(32) carPath = B:\GSM\Documents\CodeCraft-2019\src\main\java\com\huawei\car.txt roadPath = B:\GSM\Documents\CodeCraft-2019\src\main\java\com\huawei\road.txt crossPath = B:\GSM\Documents\CodeCraft-2019\src\main\java\com\huawei\cross.txt and answerPath = B:\GSM\Documents\CodeCraft-2019\src\main\java\com\huawei\answer.txt
23:12:09 main INFO com.huawei.Main.main(35) start read input files
23:14:06 main INFO com.huawei.Main.main(51) Start write output file
23:14:06 main INFO com.huawei.Main.main(53) End...
14:41:24 main INFO com.huawei.Main.main(26) Start...
14:41:24 main INFO com.huawei.Main.main(32) carPath = B:\GSM\Documents\CodeCraft-2019\src\main\java\com\huawei\car.txt roadPath = B:\GSM\Documents\CodeCraft-2019\src\main\java\com\huawei\road.txt crossPath = B:\GSM\Documents\CodeCraft-2019\src\main\java\com\huawei\cross.txt and answerPath = B:\GSM\Documents\CodeCraft-2019\src\main\java\com\huawei\answer.txt
14:41:24 main INFO com.huawei.Main.main(35) start read input files
14:41:27 main INFO com.huawei.Main.main(51) Start write output file
14:41:27 main INFO com.huawei.Main.main(53) End...
14:42:11 main INFO com.huawei.Main.main(26) Start...
14:42:11 main INFO com.huawei.Main.main(32) carPath = B:\GSM\Documents\CodeCraft-2019\src\main\java\com\huawei\car.txt roadPath = B:\GSM\Documents\CodeCraft-2019\src\main\java\com\huawei\road.txt crossPath = B:\GSM\Documents\CodeCraft-2019\src\main\java\com\huawei\cross.txt and answerPath = B:\GSM\Documents\CodeCraft-2019\src\main\java\com\huawei\answer.txt
14:42:11 main INFO com.huawei.Main.main(35) start read input files
14:42:14 main INFO com.huawei.Main.main(51) Start write output file
14:42:14 main INFO com.huawei.Main.main(53) End...
14:56:44 main INFO com.huawei.Main.main(26) Start...
14:56:44 main INFO com.huawei.Main.main(32) carPath = B:\GSM\Documents\CodeCraft-2019\src\main\java\com\huawei\car.txt roadPath = B:\GSM\Documents\CodeCraft-2019\src\main\java\com\huawei\road.txt crossPath = B:\GSM\Documents\CodeCraft-2019\src\main\java\com\huawei\cross.txt and answerPath = B:\GSM\Documents\CodeCraft-2019\src\main\java\com\huawei\answer.txt
14:56:44 main INFO com.huawei.Main.main(35) start read input files
14:56:46 main INFO com.huawei.Main.main(51) Start write output file
14:56:46 main INFO com.huawei.Main.main(53) End...
14:59:14 main INFO com.huawei.Main.main(26) Start...
14:59:14 main INFO com.huawei.Main.main(32) carPath = B:\GSM\Documents\CodeCraft-2019\src\main\java\com\huawei\car.txt roadPath = B:\GSM\Documents\CodeCraft-2019\src\main\java\com\huawei\road.txt crossPath = B:\GSM\Documents\CodeCraft-2019\src\main\java\com\huawei\cross.txt and answerPath = B:\GSM\Documents\CodeCraft-2019\src\main\java\com\huawei\answer.txt
14:59:14 main INFO com.huawei.Main.main(35) start read input files
14:59:16 main INFO com.huawei.Main.main(51) Start write output file
14:59:16 main INFO com.huawei.Main.main(53) End...
15:00:36 main INFO com.huawei.Main.main(26) Start...
15:00:36 main INFO com.huawei.Main.main(32) carPath = B:\GSM\Documents\CodeCraft-2019\src\main\java\com\huawei\car.txt roadPath = B:\GSM\Documents\CodeCraft-2019\src\main\java\com\huawei\road.txt crossPath = B:\GSM\Documents\CodeCraft-2019\src\main\java\com\huawei\cross.txt and answerPath = B:\GSM\Documents\CodeCraft-2019\src\main\java\com\huawei\answer.txt
15:00:36 main INFO com.huawei.Main.main(35) start read input files
15:00:38 main INFO com.huawei.Main.main(51) Start write output file
15:00:38 main INFO com.huawei.Main.main(53) End...
16:14:32 main INFO com.huawei.Main.main(26) Start...
16:14:32 main INFO com.huawei.Main.main(32) carPath = B:\GSM\Documents\CodeCraft-2019\src\main\java\com\huawei\car.txt roadPath = B:\GSM\Documents\CodeCraft-2019\src\main\java\com\huawei\road.txt crossPath = B:\GSM\Documents\CodeCraft-2019\src\main\java\com\huawei\cross.txt and answerPath = B:\GSM\Documents\CodeCraft-2019\src\main\java\com\huawei\answer.txt
16:14:32 main INFO com.huawei.Main.main(35) start read input files
16:14:40 main INFO com.huawei.Main.main(51) Start write output file
16:14:40 main INFO com.huawei.Main.main(53) End...
16:14:50 main INFO com.huawei.Main.main(26) Start...
16:14:50 main INFO com.huawei.Main.main(32) carPath = B:\GSM\Documents\CodeCraft-2019\src\main\java\com\huawei\car.txt roadPath = B:\GSM\Documents\CodeCraft-2019\src\main\java\com\huawei\road.txt crossPath = B:\GSM\Documents\CodeCraft-2019\src\main\java\com\huawei\cross.txt and answerPath = B:\GSM\Documents\CodeCraft-2019\src\main\java\com\huawei\answer.txt
16:14:50 main INFO com.huawei.Main.main(35) start read input files
16:14:52 main INFO com.huawei.Main.main(51) Start write output file
16:14:52 main INFO com.huawei.Main.main(53) End...
16:22:55 main INFO com.huawei.Main.main(26) Start...
16:22:55 main INFO com.huawei.Main.main(32) carPath = B:\GSM\Documents\CodeCraft-2019\src\main\java\com\huawei\car.txt roadPath = B:\GSM\Documents\CodeCraft-2019\src\main\java\com\huawei\road.txt crossPath = B:\GSM\Documents\CodeCraft-2019\src\main\java\com\huawei\cross.txt and answerPath = B:\GSM\Documents\CodeCraft-2019\src\main\java\com\huawei\answer.txt
16:22:55 main INFO com.huawei.Main.main(35) start read input files
16:22:57 main INFO com.huawei.Main.main(51) Start write output file
16:22:57 main INFO com.huawei.Main.main(53) End...
16:32:45 main INFO com.huawei.Main.main(26) Start...
16:32:45 main INFO com.huawei.Main.main(32) carPath = B:\GSM\Documents\CodeCraft-2019\src\main\java\com\huawei\car.txt roadPath = B:\GSM\Documents\CodeCraft-2019\src\main\java\com\huawei\road.txt crossPath = B:\GSM\Documents\CodeCraft-2019\src\main\java\com\huawei\cross.txt and answerPath = B:\GSM\Documents\CodeCraft-2019\src\main\java\com\huawei\answer.txt
16:32:45 main INFO com.huawei.Main.main(35) start read input files
16:32:47 main INFO com.huawei.Main.main(51) Start write output file
16:32:47 main INFO com.huawei.Main.main(53) End...
16:33:22 main INFO com.huawei.Main.main(26) Start...
16:33:22 main INFO com.huawei.Main.main(32) carPath = B:\GSM\Documents\CodeCraft-2019\src\main\java\com\huawei\car.txt roadPath = B:\GSM\Documents\CodeCraft-2019\src\main\java\com\huawei\road.txt crossPath = B:\GSM\Documents\CodeCraft-2019\src\main\java\com\huawei\cross.txt and answerPath = B:\GSM\Documents\CodeCraft-2019\src\main\java\com\huawei\answer.txt
16:33:22 main INFO com.huawei.Main.main(35) start read input files
16:33:24 main INFO com.huawei.Main.main(51) Start write output file
16:33:24 main INFO com.huawei.Main.main(53) End...
16:36:51 main INFO com.huawei.Main.main(26) Start...
16:36:51 main INFO com.huawei.Main.main(32) carPath = B:\GSM\Documents\CodeCraft-2019\src\main\java\com\huawei\car.txt roadPath = B:\GSM\Documents\CodeCraft-2019\src\main\java\com\huawei\road.txt crossPath = B:\GSM\Documents\CodeCraft-2019\src\main\java\com\huawei\cross.txt and answerPath = B:\GSM\Documents\CodeCraft-2019\src\main\java\com\huawei\answer.txt
16:36:51 main INFO com.huawei.Main.main(35) start read input files
16:36:54 main INFO com.huawei.Main.main(51) Start write output file
16:36:54 main INFO com.huawei.Main.main(53) End...
16:38:19 main INFO com.huawei.Main.main(26) Start...
16:38:19 main INFO com.huawei.Main.main(32) carPath = B:\GSM\Documents\CodeCraft-2019\src\main\java\com\huawei\car.txt roadPath = B:\GSM\Documents\CodeCraft-2019\src\main\java\com\huawei\road.txt crossPath = B:\GSM\Documents\CodeCraft-2019\src\main\java\com\huawei\cross.txt and answerPath = B:\GSM\Documents\CodeCraft-2019\src\main\java\com\huawei\answer.txt
16:38:19 main INFO com.huawei.Main.main(35) start read input files
16:38:40 main INFO com.huawei.Main.main(51) Start write output file
16:38:40 main INFO com.huawei.Main.main(53) End...
16:38:45 main INFO com.huawei.Main.main(26) Start...
16:38:45 main INFO com.huawei.Main.main(32) carPath = B:\GSM\Documents\CodeCraft-2019\src\main\java\com\huawei\car.txt roadPath = B:\GSM\Documents\CodeCraft-2019\src\main\java\com\huawei\road.txt crossPath = B:\GSM\Documents\CodeCraft-2019\src\main\java\com\huawei\cross.txt and answerPath = B:\GSM\Documents\CodeCraft-2019\src\main\java\com\huawei\answer.txt
16:38:45 main INFO com.huawei.Main.main(35) start read input files
16:39:36 main INFO com.huawei.Main.main(51) Start write output file
16:39:36 main INFO com.huawei.Main.main(53) End...
16:40:18 main INFO com.huawei.Main.main(26) Start...
16:40:18 main INFO com.huawei.Main.main(32) carPath = B:\GSM\Documents\CodeCraft-2019\src\main\java\com\huawei\car.txt roadPath = B:\GSM\Documents\CodeCraft-2019\src\main\java\com\huawei\road.txt crossPath = B:\GSM\Documents\CodeCraft-2019\src\main\java\com\huawei\cross.txt and answerPath = B:\GSM\Documents\CodeCraft-2019\src\main\java\com\huawei\answer.txt
16:40:18 main INFO com.huawei.Main.main(35) start read input files
16:42:29 main INFO com.huawei.Main.main(51) Start write output file
16:42:29 main INFO com.huawei.Main.main(53) End...
16:45:37 main INFO com.huawei.Main.main(26) Start...
16:45:37 main INFO com.huawei.Main.main(32) carPath = B:\GSM\Documents\CodeCraft-2019\src\main\java\com\huawei\car.txt roadPath = B:\GSM\Documents\CodeCraft-2019\src\main\java\com\huawei\road.txt crossPath = B:\GSM\Documents\CodeCraft-2019\src\main\java\com\huawei\cross.txt and answerPath = B:\GSM\Documents\CodeCraft-2019\src\main\java\com\huawei\answer.txt
16:45:37 main INFO com.huawei.Main.main(35) start read input files
16:45:54 main INFO com.huawei.Main.main(51) Start write output file
16:45:54 main INFO com.huawei.Main.main(53) End...
16:46:22 main INFO com.huawei.Main.main(26) Start...
16:46:22 main INFO com.huawei.Main.main(32) carPath = B:\GSM\Documents\CodeCraft-2019\src\main\java\com\huawei\car.txt roadPath = B:\GSM\Documents\CodeCraft-2019\src\main\java\com\huawei\road.txt crossPath = B:\GSM\Documents\CodeCraft-2019\src\main\java\com\huawei\cross.txt and answerPath = B:\GSM\Documents\CodeCraft-2019\src\main\java\com\huawei\answer.txt
16:46:22 main INFO com.huawei.Main.main(35) start read input files
16:46:51 main INFO com.huawei.Main.main(51) Start write output file
16:46:51 main INFO com.huawei.Main.main(53) End...
16:47:19 main INFO com.huawei.Main.main(26) Start...
16:47:19 main INFO com.huawei.Main.main(32) carPath = B:\GSM\Documents\CodeCraft-2019\src\main\java\com\huawei\car.txt roadPath = B:\GSM\Documents\CodeCraft-2019\src\main\java\com\huawei\road.txt crossPath = B:\GSM\Documents\CodeCraft-2019\src\main\java\com\huawei\cross.txt and answerPath = B:\GSM\Documents\CodeCraft-2019\src\main\java\com\huawei\answer.txt
16:47:19 main INFO com.huawei.Main.main(35) start read input files
16:47:30 main INFO com.huawei.Main.main(51) Start write output file
16:47:30 main INFO com.huawei.Main.main(53) End...
16:56:13 main INFO com.huawei.Main.main(26) Start...
16:56:13 main INFO com.huawei.Main.main(32) carPath = B:\GSM\Documents\CodeCraft-2019\src\main\java\com\huawei\car.txt roadPath = B:\GSM\Documents\CodeCraft-2019\src\main\java\com\huawei\road.txt crossPath = B:\GSM\Documents\CodeCraft-2019\src\main\java\com\huawei\cross.txt and answerPath = B:\GSM\Documents\CodeCraft-2019\src\main\java\com\huawei\answer.txt
16:56:13 main INFO com.huawei.Main.main(35) start read input files
16:57:09 main INFO com.huawei.Main.main(51) Start write output file
16:57:09 main INFO com.huawei.Main.main(53) End...
16:59:43 main INFO com.huawei.Main.main(26) Start...
16:59:43 main INFO com.huawei.Main.main(32) carPath = B:\GSM\Documents\CodeCraft-2019\src\main\java\com\huawei\car.txt roadPath = B:\GSM\Documents\CodeCraft-2019\src\main\java\com\huawei\road.txt crossPath = B:\GSM\Documents\CodeCraft-2019\src\main\java\com\huawei\cross.txt and answerPath = B:\GSM\Documents\CodeCraft-2019\src\main\java\com\huawei\answer.txt
16:59:43 main INFO com.huawei.Main.main(35) start read input files
17:00:49 main INFO com.huawei.Main.main(51) Start write output file
17:00:49 main INFO com.huawei.Main.main(53) End...
19:43:43 main INFO com.huawei.Main.main(26) Start...
19:43:43 main INFO com.huawei.Main.main(32) carPath = B:\GSM\Documents\CodeCraft-2019\src\main\java\com\huawei\car.txt roadPath = B:\GSM\Documents\CodeCraft-2019\src\main\java\com\huawei\road.txt crossPath = B:\GSM\Documents\CodeCraft-2019\src\main\java\com\huawei\cross.txt and answerPath = B:\GSM\Documents\CodeCraft-2019\src\main\java\com\huawei\answer.txt
19:43:43 main INFO com.huawei.Main.main(35) start read input files
19:43:43 main INFO com.huawei.Main.main(51) Start write output file
19:43:43 main INFO com.huawei.Main.main(53) End...
19:44:52 main INFO com.huawei.Main.main(26) Start...
19:44:52 main INFO com.huawei.Main.main(32) carPath = /home/gsm/project/CodeCraft-2019/src/main/java/com/huawei/car.txt roadPath = /home/gsm/project/CodeCraft-2019/src/main/java/com/huawei/road.txt crossPath = /home/gsm/project/CodeCraft-2019/src/main/java/com/huawei/cross.txt and answerPath = /home/gsm/project/CodeCraft-2019/src/main/java/com/huawei/answer.txt
19:44:52 main INFO com.huawei.Main.main(35) start read input files
19:44:54 main INFO com.huawei.Main.main(51) Start write output file
19:44:54 main INFO com.huawei.Main.main(53) End...
20:15:42 main INFO com.huawei.Main.main(27) Start...
20:15:42 main INFO com.huawei.Main.main(33) carPath = /home/gsm/project/CodeCraft-2019/src/main/java/com/huawei/car.txt roadPath = /home/gsm/project/CodeCraft-2019/src/main/java/com/huawei/road.txt crossPath = /home/gsm/project/CodeCraft-2019/src/main/java/com/huawei/cross.txt and answerPath = /home/gsm/project/CodeCraft-2019/src/main/java/com/huawei/answer.txt
20:15:42 main INFO com.huawei.Main.main(36) start read input files
20:15:45 main INFO com.huawei.Main.main(52) Start write output file
20:15:45 main INFO com.huawei.Main.main(54) End...
20:58:57 main INFO com.huawei.Main.main(27) Start...
20:58:57 main INFO com.huawei.Main.main(33) carPath = /home/gsm/project/CodeCraft-2019/src/main/java/com/huawei/car.txt roadPath = /home/gsm/project/CodeCraft-2019/src/main/java/com/huawei/road.txt crossPath = /home/gsm/project/CodeCraft-2019/src/main/java/com/huawei/cross.txt and answerPath = /home/gsm/project/CodeCraft-2019/src/main/java/com/huawei/answer.txt
20:58:57 main INFO com.huawei.Main.main(36) start read input files
20:59:00 main INFO com.huawei.Main.main(52) Start write output file
20:59:00 main INFO com.huawei.Main.main(54) End...
20:59:55 main INFO com.huawei.Main.main(27) Start...
20:59:55 main INFO com.huawei.Main.main(33) carPath = /home/gsm/project/CodeCraft-2019/src/main/java/com/huawei/car.txt roadPath = /home/gsm/project/CodeCraft-2019/src/main/java/com/huawei/road.txt crossPath = /home/gsm/project/CodeCraft-2019/src/main/java/com/huawei/cross.txt and answerPath = /home/gsm/project/CodeCraft-2019/src/main/java/com/huawei/answer.txt
20:59:55 main INFO com.huawei.Main.main(36) start read input files
20:59:58 main INFO com.huawei.Main.main(52) Start write output file
20:59:58 main INFO com.huawei.Main.main(54) End...
21:54:36 main INFO com.huawei.Main.main(27) Start...
21:54:36 main INFO com.huawei.Main.main(33) carPath = /home/gsm/project/CodeCraft-2019/src/main/java/com/huawei/car.txt roadPath = /home/gsm/project/CodeCraft-2019/src/main/java/com/huawei/road.txt crossPath = /home/gsm/project/CodeCraft-2019/src/main/java/com/huawei/cross.txt and answerPath = /home/gsm/project/CodeCraft-2019/src/main/java/com/huawei/answer.txt
21:54:36 main INFO com.huawei.Main.main(36) start read input files
21:54:56 main INFO com.huawei.Main.main(52) Start write output file
21:54:56 main INFO com.huawei.Main.main(54) End...
21:55:05 main INFO com.huawei.Main.main(27) Start...
21:55:05 main INFO com.huawei.Main.main(33) carPath = /home/gsm/project/CodeCraft-2019/src/main/java/com/huawei/car.txt roadPath = /home/gsm/project/CodeCraft-2019/src/main/java/com/huawei/road.txt crossPath = /home/gsm/project/CodeCraft-2019/src/main/java/com/huawei/cross.txt and answerPath = /home/gsm/project/CodeCraft-2019/src/main/java/com/huawei/answer.txt
21:55:05 main INFO com.huawei.Main.main(36) start read input files
21:58:37 main INFO com.huawei.Main.main(52) Start write output file
21:58:37 main INFO com.huawei.Main.main(54) End...
21:59:11 main INFO com.huawei.Main.main(27) Start...
21:59:11 main INFO com.huawei.Main.main(33) carPath = /home/gsm/project/CodeCraft-2019/src/main/java/com/huawei/car.txt roadPath = /home/gsm/project/CodeCraft-2019/src/main/java/com/huawei/road.txt crossPath = /home/gsm/project/CodeCraft-2019/src/main/java/com/huawei/cross.txt and answerPath = /home/gsm/project/CodeCraft-2019/src/main/java/com/huawei/answer.txt
21:59:11 main INFO com.huawei.Main.main(36) start read input files
22:00:30 main INFO com.huawei.Main.main(52) Start write output file
22:00:30 main INFO com.huawei.Main.main(54) End...
22:00:49 main INFO com.huawei.Main.main(27) Start...
22:00:49 main INFO com.huawei.Main.main(33) carPath = /home/gsm/project/CodeCraft-2019/src/main/java/com/huawei/car.txt roadPath = /home/gsm/project/CodeCraft-2019/src/main/java/com/huawei/road.txt crossPath = /home/gsm/project/CodeCraft-2019/src/main/java/com/huawei/cross.txt and answerPath = /home/gsm/project/CodeCraft-2019/src/main/java/com/huawei/answer.txt
22:00:49 main INFO com.huawei.Main.main(36) start read input files
22:01:32 main INFO com.huawei.Main.main(52) Start write output file
22:01:32 main INFO com.huawei.Main.main(54) End...
22:09:11 main INFO com.huawei.Main.main(27) Start...
22:09:11 main INFO com.huawei.Main.main(33) carPath = /home/gsm/project/CodeCraft-2019/src/main/java/com/huawei/car.txt roadPath = /home/gsm/project/CodeCraft-2019/src/main/java/com/huawei/road.txt crossPath = /home/gsm/project/CodeCraft-2019/src/main/java/com/huawei/cross.txt and answerPath = /home/gsm/project/CodeCraft-2019/src/main/java/com/huawei/answer.txt
22:09:11 main INFO com.huawei.Main.main(36) start read input files
22:09:31 main INFO com.huawei.Main.main(52) Start write output file
22:09:31 main INFO com.huawei.Main.main(54) End...
22:10:26 main INFO com.huawei.Main.main(27) Start...
22:10:26 main INFO com.huawei.Main.main(33) carPath = /home/gsm/project/CodeCraft-2019/src/main/java/com/huawei/car.txt roadPath = /home/gsm/project/CodeCraft-2019/src/main/java/com/huawei/road.txt crossPath = /home/gsm/project/CodeCraft-2019/src/main/java/com/huawei/cross.txt and answerPath = /home/gsm/project/CodeCraft-2019/src/main/java/com/huawei/answer.txt
22:10:26 main INFO com.huawei.Main.main(36) start read input files
22:10:29 main INFO com.huawei.Main.main(52) Start write output file
22:10:29 main INFO com.huawei.Main.main(54) End...
22:10:34 main INFO com.huawei.Main.main(27) Start...
22:10:34 main INFO com.huawei.Main.main(33) carPath = /home/gsm/project/CodeCraft-2019/src/main/java/com/huawei/car.txt roadPath = /home/gsm/project/CodeCraft-2019/src/main/java/com/huawei/road.txt crossPath = /home/gsm/project/CodeCraft-2019/src/main/java/com/huawei/cross.txt and answerPath = /home/gsm/project/CodeCraft-2019/src/main/java/com/huawei/answer.txt
22:10:34 main INFO com.huawei.Main.main(36) start read input files
22:10:56 main INFO com.huawei.Main.main(52) Start write output file
22:10:56 main INFO com.huawei.Main.main(54) End...
22:13:16 main INFO com.huawei.Main.main(27) Start...
22:13:16 main INFO com.huawei.Main.main(33) carPath = /home/gsm/project/CodeCraft-2019/src/main/java/com/huawei/car.txt roadPath = /home/gsm/project/CodeCraft-2019/src/main/java/com/huawei/road.txt crossPath = /home/gsm/project/CodeCraft-2019/src/main/java/com/huawei/cross.txt and answerPath = /home/gsm/project/CodeCraft-2019/src/main/java/com/huawei/answer.txt
22:13:16 main INFO com.huawei.Main.main(36) start read input files
22:13:19 main INFO com.huawei.Main.main(52) Start write output file
22:13:19 main INFO com.huawei.Main.main(54) End...
22:15:49 main INFO com.huawei.Main.main(27) Start...
22:15:49 main INFO com.huawei.Main.main(33) carPath = /home/gsm/project/CodeCraft-2019/src/main/java/com/huawei/car.txt roadPath = /home/gsm/project/CodeCraft-2019/src/main/java/com/huawei/road.txt crossPath = /home/gsm/project/CodeCraft-2019/src/main/java/com/huawei/cross.txt and answerPath = /home/gsm/project/CodeCraft-2019/src/main/java/com/huawei/answer.txt
22:15:49 main INFO com.huawei.Main.main(36) start read input files
22:15:52 main INFO com.huawei.Main.main(52) Start write output file
22:15:52 main INFO com.huawei.Main.main(54) End...
20:19:57 main INFO com.huawei.Main.main(28) Start...
20:19:57 main INFO com.huawei.Main.main(34) carPath = /home/gsm/project/CodeCraft-2019/src/main/java/com/huawei/car.txt roadPath = /home/gsm/project/CodeCraft-2019/src/main/java/com/huawei/road.txt crossPath = /home/gsm/project/CodeCraft-2019/src/main/java/com/huawei/cross.txt and answerPath = /home/gsm/project/CodeCraft-2019/src/main/java/com/huawei/answer.txt
20:19:57 main INFO com.huawei.Main.main(37) start read input files
20:20:39 main INFO com.huawei.Main.main(53) Start write output file
20:20:39 main INFO com.huawei.Main.main(55) End...
20:23:14 main INFO com.huawei.Main.main(28) Start...
20:23:14 main INFO com.huawei.Main.main(34) carPath = /home/gsm/project/CodeCraft-2019/src/main/java/com/huawei/car.txt roadPath = /home/gsm/project/CodeCraft-2019/src/main/java/com/huawei/road.txt crossPath = /home/gsm/project/CodeCraft-2019/src/main/java/com/huawei/cross.txt and answerPath = /home/gsm/project/CodeCraft-2019/src/main/java/com/huawei/answer.txt
20:23:14 main INFO com.huawei.Main.main(37) start read input files
20:24:20 main INFO com.huawei.Main.main(53) Start write output file
20:24:20 main INFO com.huawei.Main.main(55) End...
20:44:03 main INFO com.huawei.Main.main(28) Start...
20:44:03 main INFO com.huawei.Main.main(34) carPath = /home/gsm/project/CodeCraft-2019/src/main/java/com/huawei/car.txt roadPath = /home/gsm/project/CodeCraft-2019/src/main/java/com/huawei/road.txt crossPath = /home/gsm/project/CodeCraft-2019/src/main/java/com/huawei/cross.txt and answerPath = /home/gsm/project/CodeCraft-2019/src/main/java/com/huawei/answer.txt
20:44:03 main INFO com.huawei.Main.main(37) start read input files
20:44:06 main INFO com.huawei.Main.main(53) Start write output file
20:44:06 main INFO com.huawei.Main.main(55) End...
20:46:07 main INFO com.huawei.Main.main(28) Start...
20:46:07 main INFO com.huawei.Main.main(34) carPath = /home/gsm/project/CodeCraft-2019/src/main/java/com/huawei/car.txt roadPath = /home/gsm/project/CodeCraft-2019/src/main/java/com/huawei/road.txt crossPath = /home/gsm/project/CodeCraft-2019/src/main/java/com/huawei/cross.txt and answerPath = /home/gsm/project/CodeCraft-2019/src/main/java/com/huawei/answer.txt
20:46:07 main INFO com.huawei.Main.main(37) start read input files
20:47:05 main INFO com.huawei.Main.main(53) Start write output file
20:47:05 main INFO com.huawei.Main.main(55) End...
20:47:37 main INFO com.huawei.Main.main(28) Start...
20:47:37 main INFO com.huawei.Main.main(34) carPath = /home/gsm/project/CodeCraft-2019/src/main/java/com/huawei/car.txt roadPath = /home/gsm/project/CodeCraft-2019/src/main/java/com/huawei/road.txt crossPath = /home/gsm/project/CodeCraft-2019/src/main/java/com/huawei/cross.txt and answerPath = /home/gsm/project/CodeCraft-2019/src/main/java/com/huawei/answer.txt
20:47:37 main INFO com.huawei.Main.main(37) start read input files
20:48:19 main INFO com.huawei.Main.main(53) Start write output file
20:48:19 main INFO com.huawei.Main.main(55) End...
20:50:24 main INFO com.huawei.Main.main(28) Start...
20:50:24 main INFO com.huawei.Main.main(34) carPath = /home/gsm/project/CodeCraft-2019/src/main/java/com/huawei/car.txt roadPath = /home/gsm/project/CodeCraft-2019/src/main/java/com/huawei/road.txt crossPath = /home/gsm/project/CodeCraft-2019/src/main/java/com/huawei/cross.txt and answerPath = /home/gsm/project/CodeCraft-2019/src/main/java/com/huawei/answer.txt
20:50:24 main INFO com.huawei.Main.main(37) start read input files
20:50:48 main INFO com.huawei.Main.main(53) Start write output file
20:50:48 main INFO com.huawei.Main.main(55) End...
20:51:11 main INFO com.huawei.Main.main(28) Start...
20:51:11 main INFO com.huawei.Main.main(34) carPath = /home/gsm/project/CodeCraft-2019/src/main/java/com/huawei/car.txt roadPath = /home/gsm/project/CodeCraft-2019/src/main/java/com/huawei/road.txt crossPath = /home/gsm/project/CodeCraft-2019/src/main/java/com/huawei/cross.txt and answerPath = /home/gsm/project/CodeCraft-2019/src/main/java/com/huawei/answer.txt
20:51:11 main INFO com.huawei.Main.main(37) start read input files
20:51:22 main INFO com.huawei.Main.main(53) Start write output file
20:51:22 main INFO com.huawei.Main.main(55) End...
20:53:06 main INFO com.huawei.Main.main(28) Start...
20:53:06 main INFO com.huawei.Main.main(34) carPath = /home/gsm/project/CodeCraft-2019/src/main/java/com/huawei/car.txt roadPath = /home/gsm/project/CodeCraft-2019/src/main/java/com/huawei/road.txt crossPath = /home/gsm/project/CodeCraft-2019/src/main/java/com/huawei/cross.txt and answerPath = /home/gsm/project/CodeCraft-2019/src/main/java/com/huawei/answer.txt
20:53:06 main INFO com.huawei.Main.main(37) start read input files
20:53:32 main INFO com.huawei.Main.main(53) Start write output file
20:53:32 main INFO com.huawei.Main.main(55) End...
21:00:45 main INFO com.huawei.Main.main(28) Start...
21:00:45 main INFO com.huawei.Main.main(34) carPath = /home/gsm/project/CodeCraft-2019/src/main/java/com/huawei/car.txt roadPath = /home/gsm/project/CodeCraft-2019/src/main/java/com/huawei/road.txt crossPath = /home/gsm/project/CodeCraft-2019/src/main/java/com/huawei/cross.txt and answerPath = /home/gsm/project/CodeCraft-2019/src/main/java/com/huawei/answer.txt
21:00:45 main INFO com.huawei.Main.main(37) start read input files
21:01:42 main INFO com.huawei.Main.main(53) Start write output file
21:01:42 main INFO com.huawei.Main.main(55) End...
21:02:05 main INFO com.huawei.Main.main(28) Start...
21:02:05 main INFO com.huawei.Main.main(34) carPath = /home/gsm/project/CodeCraft-2019/src/main/java/com/huawei/car.txt roadPath = /home/gsm/project/CodeCraft-2019/src/main/java/com/huawei/road.txt crossPath = /home/gsm/project/CodeCraft-2019/src/main/java/com/huawei/cross.txt and answerPath = /home/gsm/project/CodeCraft-2019/src/main/java/com/huawei/answer.txt
21:02:05 main INFO com.huawei.Main.main(37) start read input files
21:02:26 main INFO com.huawei.Main.main(53) Start write output file
21:02:26 main INFO com.huawei.Main.main(55) End...
21:02:39 main INFO com.huawei.Main.main(28) Start...
21:02:39 main INFO com.huawei.Main.main(34) carPath = /home/gsm/project/CodeCraft-2019/src/main/java/com/huawei/car.txt roadPath = /home/gsm/project/CodeCraft-2019/src/main/java/com/huawei/road.txt crossPath = /home/gsm/project/CodeCraft-2019/src/main/java/com/huawei/cross.txt and answerPath = /home/gsm/project/CodeCraft-2019/src/main/java/com/huawei/answer.txt
21:02:39 main INFO com.huawei.Main.main(37) start read input files
21:03:00 main INFO com.huawei.Main.main(53) Start write output file
21:03:00 main INFO com.huawei.Main.main(55) End...
21:03:04 main INFO com.huawei.Main.main(28) Start...
21:03:04 main INFO com.huawei.Main.main(34) carPath = /home/gsm/project/CodeCraft-2019/src/main/java/com/huawei/car.txt roadPath = /home/gsm/project/CodeCraft-2019/src/main/java/com/huawei/road.txt crossPath = /home/gsm/project/CodeCraft-2019/src/main/java/com/huawei/cross.txt and answerPath = /home/gsm/project/CodeCraft-2019/src/main/java/com/huawei/answer.txt
21:03:04 main INFO com.huawei.Main.main(37) start read input files
21:03:29 main INFO com.huawei.Main.main(53) Start write output file
21:03:29 main INFO com.huawei.Main.main(55) End...
21:03:56 main INFO com.huawei.Main.main(28) Start...
21:03:56 main INFO com.huawei.Main.main(34) carPath = /home/gsm/project/CodeCraft-2019/src/main/java/com/huawei/car.txt roadPath = /home/gsm/project/CodeCraft-2019/src/main/java/com/huawei/road.txt crossPath = /home/gsm/project/CodeCraft-2019/src/main/java/com/huawei/cross.txt and answerPath = /home/gsm/project/CodeCraft-2019/src/main/java/com/huawei/answer.txt
21:03:56 main INFO com.huawei.Main.main(37) start read input files
21:03:59 main INFO com.huawei.Main.main(53) Start write output file
21:03:59 main INFO com.huawei.Main.main(55) End...
21:14:16 main INFO com.huawei.Main.main(28) Start...
21:14:16 main INFO com.huawei.Main.main(34) carPath = /home/gsm/project/CodeCraft-2019/src/main/java/com/huawei/car.txt roadPath = /home/gsm/project/CodeCraft-2019/src/main/java/com/huawei/road.txt crossPath = /home/gsm/project/CodeCraft-2019/src/main/java/com/huawei/cross.txt and answerPath = /home/gsm/project/CodeCraft-2019/src/main/java/com/huawei/answer.txt
21:14:16 main INFO com.huawei.Main.main(37) start read input files
21:14:37 main INFO com.huawei.Main.main(53) Start write output file
21:14:37 main INFO com.huawei.Main.main(55) End...
21:22:47 main INFO com.huawei.Main.main(28) Start...
21:22:47 main INFO com.huawei.Main.main(34) carPath = /home/gsm/project/CodeCraft-2019/src/main/java/com/huawei/car.txt roadPath = /home/gsm/project/CodeCraft-2019/src/main/java/com/huawei/road.txt crossPath = /home/gsm/project/CodeCraft-2019/src/main/java/com/huawei/cross.txt and answerPath = /home/gsm/project/CodeCraft-2019/src/main/java/com/huawei/answer.txt
21:22:47 main INFO com.huawei.Main.main(37) start read input files
21:22:50 main INFO com.huawei.Main.main(53) Start write output file
21:22:50 main INFO com.huawei.Main.main(55) End...
21:26:16 main INFO com.huawei.Main.main(28) Start...
21:26:16 main INFO com.huawei.Main.main(34) carPath = /home/gsm/project/CodeCraft-2019/src/main/java/com/huawei/car.txt roadPath = /home/gsm/project/CodeCraft-2019/src/main/java/com/huawei/road.txt crossPath = /home/gsm/project/CodeCraft-2019/src/main/java/com/huawei/cross.txt and answerPath = /home/gsm/project/CodeCraft-2019/src/main/java/com/huawei/answer.txt
21:26:16 main INFO com.huawei.Main.main(37) start read input files
21:26:19 main INFO com.huawei.Main.main(53) Start write output file
21:26:19 main INFO com.huawei.Main.main(55) End...
21:27:37 main INFO com.huawei.Main.main(28) Start...
21:27:37 main INFO com.huawei.Main.main(34) carPath = /home/gsm/project/CodeCraft-2019/src/main/java/com/huawei/car.txt roadPath = /home/gsm/project/CodeCraft-2019/src/main/java/com/huawei/road.txt crossPath = /home/gsm/project/CodeCraft-2019/src/main/java/com/huawei/cross.txt and answerPath = /home/gsm/project/CodeCraft-2019/src/main/java/com/huawei/answer.txt
21:27:37 main INFO com.huawei.Main.main(37) start read input files
21:27:40 main INFO com.huawei.Main.main(53) Start write output file
21:27:40 main INFO com.huawei.Main.main(55) End...
21:35:38 main INFO com.huawei.Main.main(29) Start...
21:35:38 main INFO com.huawei.Main.main(35) carPath = /home/gsm/project/CodeCraft-2019/src/main/java/com/huawei/car.txt roadPath = /home/gsm/project/CodeCraft-2019/src/main/java/com/huawei/road.txt crossPath = /home/gsm/project/CodeCraft-2019/src/main/java/com/huawei/cross.txt and answerPath = /home/gsm/project/CodeCraft-2019/src/main/java/com/huawei/answer.txt
21:35:38 main INFO com.huawei.Main.main(38) start read input files
21:35:41 main INFO com.huawei.Main.main(54) Start write output file
21:35:41 main INFO com.huawei.Main.main(56) End...
21:41:19 main INFO com.huawei.Main.main(29) Start...
21:41:19 main INFO com.huawei.Main.main(35) carPath = /home/gsm/project/CodeCraft-2019/src/main/java/com/huawei/car.txt roadPath = /home/gsm/project/CodeCraft-2019/src/main/java/com/huawei/road.txt crossPath = /home/gsm/project/CodeCraft-2019/src/main/java/com/huawei/cross.txt and answerPath = /home/gsm/project/CodeCraft-2019/src/main/java/com/huawei/answer.txt
21:41:19 main INFO com.huawei.Main.main(38) start read input files
21:41:23 main INFO com.huawei.Main.main(54) Start write output file
21:41:23 main INFO com.huawei.Main.main(56) End...
19:24:56 main INFO com.huawei.Main.main(29) Start...
19:24:56 main INFO com.huawei.Main.main(35) carPath = /home/gsm/project/CodeCraft-2019/src/main/java/com/huawei/car.txt roadPath = /home/gsm/project/CodeCraft-2019/src/main/java/com/huawei/road.txt crossPath = /home/gsm/project/CodeCraft-2019/src/main/java/com/huawei/cross.txt and answerPath = /home/gsm/project/CodeCraft-2019/src/main/java/com/huawei/answer.txt
19:24:56 main INFO com.huawei.Main.main(38) start read input files
19:24:59 main INFO com.huawei.Main.main(54) Start write output file
19:24:59 main INFO com.huawei.Main.main(56) End...
